语法

    0 $accept: Program $end

    1 Program: ExtDefList

    2 ExtDefList: ExtDef ExtDefList
    3           | %empty

    4 ExtDef: Specifier ExtDecList SEMI
    5       | Specifier SEMI
    6       | Specifier FunDec CompSt
    7       | Specifier error CompSt

    8 ExtDecList: VarDec
    9           | VarDec COMMA ExtDecList

   10 Specifier: TYPE
   11          | StructSpecifier

   12 StructSpecifier: STRUCT OptTag LC DefList RC
   13                | STRUCT Tag

   14 OptTag: ID
   15       | %empty

   16 Tag: ID

   17 VarDec: ID
   18       | VarDec LB INT RB

   19 FunDec: ID LP VarList RP
   20       | ID LP RP

   21 VarList: ParamDec COMMA VarList
   22        | ParamDec
   23        | error COMMA VarList

   24 ParamDec: Specifier VarDec

   25 CompSt: LC DefList StmtList RC
   26       | LC DefList error RC

   27 StmtList: Stmt StmtList
   28         | %empty
   29         | Stmt error StmtList

   30 Stmt: Exp SEMI
   31     | CompSt
   32     | RETURN Exp SEMI
   33     | RETURN error SEMI
   34     | IF LP Exp RP Stmt
   35     | IF LP Exp RP Stmt ELSE Stmt
   36     | IF error Stmt
   37     | IF error Stmt ELSE Stmt
   38     | IF LP Exp RP error ELSE Stmt
   39     | WHILE LP Exp RP Stmt
   40     | WHILE error Stmt
   41     | Exp error SEMI

   42 DefList: Def DefList
   43        | %empty

   44 Def: Specifier DecList SEMI
   45    | Specifier error SEMI

   46 DecList: Dec
   47        | Dec COMMA DecList

   48 Dec: VarDec
   49    | VarDec ASSIGNOP Exp

   50 Exp: Exp ASSIGNOP Exp
   51    | Exp AND Exp
   52    | Exp OR Exp
   53    | Exp RELOP Exp
   54    | Exp PLUS Exp
   55    | Exp MINUS Exp
   56    | Exp STAR Exp
   57    | Exp DIV Exp
   58    | LP Exp RP
   59    | MINUS Exp
   60    | NOT Exp
   61    | ID LP Args RP
   62    | ID LP RP
   63    | Exp LB Exp RB
   64    | Exp DOT ID
   65    | ID
   66    | INT
   67    | FLOAT
   68    | Exp error ASSIGNOP Exp

   69 Args: Exp COMMA Args
   70     | Exp


终结语词，附有它们出现处的规则

$end (0) 0
error (256) 7 23 26 29 33 36 37 38 40 41 45 68
INT <type_int> (258) 18 66
FLOAT <type_float> (259) 67
TYPE <type_str> (260) 10
RELOP <type_str> (261) 53
ID <type_str> (262) 14 16 17 19 20 61 62 64 65
SEMI (263) 4 5 30 32 33 41 44 45
COMMA (264) 9 21 23 47 69
ASSIGNOP (265) 49 50 68
PLUS (266) 54
MINUS (267) 55 59
STAR (268) 56
DIV (269) 57
AND (270) 51
OR (271) 52
DOT (272) 64
NOT (273) 60
LP (274) 19 20 34 35 38 39 58 61 62
RP (275) 19 20 34 35 38 39 58 61 62
LB (276) 18 63
RB (277) 18 63
LC (278) 12 25 26
RC (279) 12 25 26
STRUCT (280) 12 13
RETURN (281) 32 33
IF (282) 34 35 36 37 38
ELSE (283) 35 37 38
WHILE (284) 39 40
UNMINUS (285)
LOWER (286)


非终结语词，附有它们出现处的规则

$accept (32)
    于左侧： 0
Program <node> (33)
    于左侧： 1, 于右侧： 0
ExtDefList <node> (34)
    于左侧： 2 3, 于右侧： 1 2
ExtDef <node> (35)
    于左侧： 4 5 6 7, 于右侧： 2
ExtDecList <node> (36)
    于左侧： 8 9, 于右侧： 4 9
Specifier <node> (37)
    于左侧： 10 11, 于右侧： 4 5 6 7 24 44 45
StructSpecifier <node> (38)
    于左侧： 12 13, 于右侧： 11
OptTag <node> (39)
    于左侧： 14 15, 于右侧： 12
Tag <node> (40)
    于左侧： 16, 于右侧： 13
VarDec <node> (41)
    于左侧： 17 18, 于右侧： 8 9 18 24 48 49
FunDec <node> (42)
    于左侧： 19 20, 于右侧： 6
VarList <node> (43)
    于左侧： 21 22 23, 于右侧： 19 21 23
ParamDec <node> (44)
    于左侧： 24, 于右侧： 21 22
CompSt <node> (45)
    于左侧： 25 26, 于右侧： 6 7 31
StmtList <node> (46)
    于左侧： 27 28 29, 于右侧： 25 27 29
Stmt <node> (47)
    于左侧： 30 31 32 33 34 35 36 37 38 39 40 41, 于右侧：
    27 29 34 35 36 37 38 39 40
DefList <node> (48)
    于左侧： 42 43, 于右侧： 12 25 26 42
Def <node> (49)
    于左侧： 44 45, 于右侧： 42
DecList <node> (50)
    于左侧： 46 47, 于右侧： 44 47
Dec <node> (51)
    于左侧： 48 49, 于右侧： 46 47
Exp <node> (52)
    于左侧： 50 51 52 53 54 55 56 57 58 59 60 61 62 63 64 65 66
    67 68, 于右侧： 30 32 34 35 38 39 41 49 50 51 52 53 54 55 56
    57 58 59 60 63 64 68 69 70
Args <node> (53)
    于左侧： 69 70, 于右侧： 61 69


状态 0

    0 $accept: . Program $end

    TYPE    偏移，并进入状态 1
    STRUCT  偏移，并进入状态 2

    $default  使用规则 3 以归约 (ExtDefList)

    Program          转到状态 3
    ExtDefList       转到状态 4
    ExtDef           转到状态 5
    Specifier        转到状态 6
    StructSpecifier  转到状态 7


状态 1

   10 Specifier: TYPE .

    $default  使用规则 10 以归约 (Specifier)


状态 2

   12 StructSpecifier: STRUCT . OptTag LC DefList RC
   13                | STRUCT . Tag

    ID  偏移，并进入状态 8

    $default  使用规则 15 以归约 (OptTag)

    OptTag  转到状态 9
    Tag     转到状态 10


状态 3

    0 $accept: Program . $end

    $end  偏移，并进入状态 11


状态 4

    1 Program: ExtDefList .

    $default  使用规则 1 以归约 (Program)


状态 5

    2 ExtDefList: ExtDef . ExtDefList

    TYPE    偏移，并进入状态 1
    STRUCT  偏移，并进入状态 2

    $default  使用规则 3 以归约 (ExtDefList)

    ExtDefList       转到状态 12
    ExtDef           转到状态 5
    Specifier        转到状态 6
    StructSpecifier  转到状态 7


状态 6

    4 ExtDef: Specifier . ExtDecList SEMI
    5       | Specifier . SEMI
    6       | Specifier . FunDec CompSt
    7       | Specifier . error CompSt

    error  偏移，并进入状态 13
    ID     偏移，并进入状态 14
    SEMI   偏移，并进入状态 15

    ExtDecList  转到状态 16
    VarDec      转到状态 17
    FunDec      转到状态 18


状态 7

   11 Specifier: StructSpecifier .

    $default  使用规则 11 以归约 (Specifier)


状态 8

   14 OptTag: ID .
   16 Tag: ID .

    LC        使用规则 14 以归约 (OptTag)
    $default  使用规则 16 以归约 (Tag)


状态 9

   12 StructSpecifier: STRUCT OptTag . LC DefList RC

    LC  偏移，并进入状态 19


状态 10

   13 StructSpecifier: STRUCT Tag .

    $default  使用规则 13 以归约 (StructSpecifier)


状态 11

    0 $accept: Program $end .

    $default  接受


状态 12

    2 ExtDefList: ExtDef ExtDefList .

    $default  使用规则 2 以归约 (ExtDefList)


状态 13

    7 ExtDef: Specifier error . CompSt

    LC  偏移，并进入状态 20

    CompSt  转到状态 21


状态 14

   17 VarDec: ID .
   19 FunDec: ID . LP VarList RP
   20       | ID . LP RP

    LP  偏移，并进入状态 22

    $default  使用规则 17 以归约 (VarDec)


状态 15

    5 ExtDef: Specifier SEMI .

    $default  使用规则 5 以归约 (ExtDef)


状态 16

    4 ExtDef: Specifier ExtDecList . SEMI

    SEMI  偏移，并进入状态 23


状态 17

    8 ExtDecList: VarDec .
    9           | VarDec . COMMA ExtDecList
   18 VarDec: VarDec . LB INT RB

    COMMA  偏移，并进入状态 24
    LB     偏移，并进入状态 25

    $default  使用规则 8 以归约 (ExtDecList)


状态 18

    6 ExtDef: Specifier FunDec . CompSt

    LC  偏移，并进入状态 20

    CompSt  转到状态 26


状态 19

   12 StructSpecifier: STRUCT OptTag LC . DefList RC

    TYPE    偏移，并进入状态 1
    STRUCT  偏移，并进入状态 2

    $default  使用规则 43 以归约 (DefList)

    Specifier        转到状态 27
    StructSpecifier  转到状态 7
    DefList          转到状态 28
    Def              转到状态 29


状态 20

   25 CompSt: LC . DefList StmtList RC
   26       | LC . DefList error RC

    TYPE    偏移，并进入状态 1
    STRUCT  偏移，并进入状态 2

    $default  使用规则 43 以归约 (DefList)

    Specifier        转到状态 27
    StructSpecifier  转到状态 7
    DefList          转到状态 30
    Def              转到状态 29


状态 21

    7 ExtDef: Specifier error CompSt .

    $default  使用规则 7 以归约 (ExtDef)


状态 22

   19 FunDec: ID LP . VarList RP
   20       | ID LP . RP

    error   偏移，并进入状态 31
    TYPE    偏移，并进入状态 1
    RP      偏移，并进入状态 32
    STRUCT  偏移，并进入状态 2

    Specifier        转到状态 33
    StructSpecifier  转到状态 7
    VarList          转到状态 34
    ParamDec         转到状态 35


状态 23

    4 ExtDef: Specifier ExtDecList SEMI .

    $default  使用规则 4 以归约 (ExtDef)


状态 24

    9 ExtDecList: VarDec COMMA . ExtDecList

    ID  偏移，并进入状态 36

    ExtDecList  转到状态 37
    VarDec      转到状态 17


状态 25

   18 VarDec: VarDec LB . INT RB

    INT  偏移，并进入状态 38


状态 26

    6 ExtDef: Specifier FunDec CompSt .

    $default  使用规则 6 以归约 (ExtDef)


状态 27

   44 Def: Specifier . DecList SEMI
   45    | Specifier . error SEMI

    error  偏移，并进入状态 39
    ID     偏移，并进入状态 36

    VarDec   转到状态 40
    DecList  转到状态 41
    Dec      转到状态 42


状态 28

   12 StructSpecifier: STRUCT OptTag LC DefList . RC

    RC  偏移，并进入状态 43


状态 29

   42 DefList: Def . DefList

    TYPE    偏移，并进入状态 1
    STRUCT  偏移，并进入状态 2

    $default  使用规则 43 以归约 (DefList)

    Specifier        转到状态 27
    StructSpecifier  转到状态 7
    DefList          转到状态 44
    Def              转到状态 29


状态 30

   25 CompSt: LC DefList . StmtList RC
   26       | LC DefList . error RC

    error   偏移，并进入状态 45
    INT     偏移，并进入状态 46
    FLOAT   偏移，并进入状态 47
    ID      偏移，并进入状态 48
    MINUS   偏移，并进入状态 49
    NOT     偏移，并进入状态 50
    LP      偏移，并进入状态 51
    LC      偏移，并进入状态 20
    RETURN  偏移，并进入状态 52
    IF      偏移，并进入状态 53
    WHILE   偏移，并进入状态 54

    RC  使用规则 28 以归约 (StmtList)

    CompSt    转到状态 55
    StmtList  转到状态 56
    Stmt      转到状态 57
    Exp       转到状态 58


状态 31

   23 VarList: error . COMMA VarList

    COMMA  偏移，并进入状态 59


状态 32

   20 FunDec: ID LP RP .

    $default  使用规则 20 以归约 (FunDec)


状态 33

   24 ParamDec: Specifier . VarDec

    ID  偏移，并进入状态 36

    VarDec  转到状态 60


状态 34

   19 FunDec: ID LP VarList . RP

    RP  偏移，并进入状态 61


状态 35

   21 VarList: ParamDec . COMMA VarList
   22        | ParamDec .

    COMMA  偏移，并进入状态 62

    $default  使用规则 22 以归约 (VarList)


状态 36

   17 VarDec: ID .

    $default  使用规则 17 以归约 (VarDec)


状态 37

    9 ExtDecList: VarDec COMMA ExtDecList .

    $default  使用规则 9 以归约 (ExtDecList)


状态 38

   18 VarDec: VarDec LB INT . RB

    RB  偏移，并进入状态 63


状态 39

   45 Def: Specifier error . SEMI

    SEMI  偏移，并进入状态 64


状态 40

   18 VarDec: VarDec . LB INT RB
   48 Dec: VarDec .
   49    | VarDec . ASSIGNOP Exp

    ASSIGNOP  偏移，并进入状态 65
    LB        偏移，并进入状态 25

    $default  使用规则 48 以归约 (Dec)


状态 41

   44 Def: Specifier DecList . SEMI

    SEMI  偏移，并进入状态 66


状态 42

   46 DecList: Dec .
   47        | Dec . COMMA DecList

    COMMA  偏移，并进入状态 67

    $default  使用规则 46 以归约 (DecList)


状态 43

   12 StructSpecifier: STRUCT OptTag LC DefList RC .

    $default  使用规则 12 以归约 (StructSpecifier)


状态 44

   42 DefList: Def DefList .

    $default  使用规则 42 以归约 (DefList)


状态 45

   26 CompSt: LC DefList error . RC

    RC  偏移，并进入状态 68


状态 46

   66 Exp: INT .

    $default  使用规则 66 以归约 (Exp)


状态 47

   67 Exp: FLOAT .

    $default  使用规则 67 以归约 (Exp)


状态 48

   61 Exp: ID . LP Args RP
   62    | ID . LP RP
   65    | ID .

    LP  偏移，并进入状态 69

    $default  使用规则 65 以归约 (Exp)


状态 49

   59 Exp: MINUS . Exp

    INT    偏移，并进入状态 46
    FLOAT  偏移，并进入状态 47
    ID     偏移，并进入状态 48
    MINUS  偏移，并进入状态 49
    NOT    偏移，并进入状态 50
    LP     偏移，并进入状态 51

    Exp  转到状态 70


状态 50

   60 Exp: NOT . Exp

    INT    偏移，并进入状态 46
    FLOAT  偏移，并进入状态 47
    ID     偏移，并进入状态 48
    MINUS  偏移，并进入状态 49
    NOT    偏移，并进入状态 50
    LP     偏移，并进入状态 51

    Exp  转到状态 71


状态 51

   58 Exp: LP . Exp RP

    INT    偏移，并进入状态 46
    FLOAT  偏移，并进入状态 47
    ID     偏移，并进入状态 48
    MINUS  偏移，并进入状态 49
    NOT    偏移，并进入状态 50
    LP     偏移，并进入状态 51

    Exp  转到状态 72


状态 52

   32 Stmt: RETURN . Exp SEMI
   33     | RETURN . error SEMI

    error  偏移，并进入状态 73
    INT    偏移，并进入状态 46
    FLOAT  偏移，并进入状态 47
    ID     偏移，并进入状态 48
    MINUS  偏移，并进入状态 49
    NOT    偏移，并进入状态 50
    LP     偏移，并进入状态 51

    Exp  转到状态 74


状态 53

   34 Stmt: IF . LP Exp RP Stmt
   35     | IF . LP Exp RP Stmt ELSE Stmt
   36     | IF . error Stmt
   37     | IF . error Stmt ELSE Stmt
   38     | IF . LP Exp RP error ELSE Stmt

    error  偏移，并进入状态 75
    LP     偏移，并进入状态 76


状态 54

   39 Stmt: WHILE . LP Exp RP Stmt
   40     | WHILE . error Stmt

    error  偏移，并进入状态 77
    LP     偏移，并进入状态 78


状态 55

   31 Stmt: CompSt .

    $default  使用规则 31 以归约 (Stmt)


状态 56

   25 CompSt: LC DefList StmtList . RC

    RC  偏移，并进入状态 79


状态 57

   27 StmtList: Stmt . StmtList
   29         | Stmt . error StmtList

    error   偏移，并进入状态 80
    INT     偏移，并进入状态 46
    FLOAT   偏移，并进入状态 47
    ID      偏移，并进入状态 48
    MINUS   偏移，并进入状态 49
    NOT     偏移，并进入状态 50
    LP      偏移，并进入状态 51
    LC      偏移，并进入状态 20
    RETURN  偏移，并进入状态 52
    IF      偏移，并进入状态 53
    WHILE   偏移，并进入状态 54

    RC  使用规则 28 以归约 (StmtList)

    CompSt    转到状态 55
    StmtList  转到状态 81
    Stmt      转到状态 57
    Exp       转到状态 58


状态 58

   30 Stmt: Exp . SEMI
   41     | Exp . error SEMI
   50 Exp: Exp . ASSIGNOP Exp
   51    | Exp . AND Exp
   52    | Exp . OR Exp
   53    | Exp . RELOP Exp
   54    | Exp . PLUS Exp
   55    | Exp . MINUS Exp
   56    | Exp . STAR Exp
   57    | Exp . DIV Exp
   63    | Exp . LB Exp RB
   64    | Exp . DOT ID
   68    | Exp . error ASSIGNOP Exp

    error     偏移，并进入状态 82
    RELOP     偏移，并进入状态 83
    SEMI      偏移，并进入状态 84
    ASSIGNOP  偏移，并进入状态 85
    PLUS      偏移，并进入状态 86
    MINUS     偏移，并进入状态 87
    STAR      偏移，并进入状态 88
    DIV       偏移，并进入状态 89
    AND       偏移，并进入状态 90
    OR        偏移，并进入状态 91
    DOT       偏移，并进入状态 92
    LB        偏移，并进入状态 93


状态 59

   23 VarList: error COMMA . VarList

    error   偏移，并进入状态 31
    TYPE    偏移，并进入状态 1
    STRUCT  偏移，并进入状态 2

    Specifier        转到状态 33
    StructSpecifier  转到状态 7
    VarList          转到状态 94
    ParamDec         转到状态 35


状态 60

   18 VarDec: VarDec . LB INT RB
   24 ParamDec: Specifier VarDec .

    LB  偏移，并进入状态 25

    $default  使用规则 24 以归约 (ParamDec)


状态 61

   19 FunDec: ID LP VarList RP .

    $default  使用规则 19 以归约 (FunDec)


状态 62

   21 VarList: ParamDec COMMA . VarList

    error   偏移，并进入状态 31
    TYPE    偏移，并进入状态 1
    STRUCT  偏移，并进入状态 2

    Specifier        转到状态 33
    StructSpecifier  转到状态 7
    VarList          转到状态 95
    ParamDec         转到状态 35


状态 63

   18 VarDec: VarDec LB INT RB .

    $default  使用规则 18 以归约 (VarDec)


状态 64

   45 Def: Specifier error SEMI .

    $default  使用规则 45 以归约 (Def)


状态 65

   49 Dec: VarDec ASSIGNOP . Exp

    INT    偏移，并进入状态 46
    FLOAT  偏移，并进入状态 47
    ID     偏移，并进入状态 48
    MINUS  偏移，并进入状态 49
    NOT    偏移，并进入状态 50
    LP     偏移，并进入状态 51

    Exp  转到状态 96


状态 66

   44 Def: Specifier DecList SEMI .

    $default  使用规则 44 以归约 (Def)


状态 67

   47 DecList: Dec COMMA . DecList

    ID  偏移，并进入状态 36

    VarDec   转到状态 40
    DecList  转到状态 97
    Dec      转到状态 42


状态 68

   26 CompSt: LC DefList error RC .

    $default  使用规则 26 以归约 (CompSt)


状态 69

   61 Exp: ID LP . Args RP
   62    | ID LP . RP

    INT    偏移，并进入状态 46
    FLOAT  偏移，并进入状态 47
    ID     偏移，并进入状态 48
    MINUS  偏移，并进入状态 49
    NOT    偏移，并进入状态 50
    LP     偏移，并进入状态 51
    RP     偏移，并进入状态 98

    Exp   转到状态 99
    Args  转到状态 100


状态 70

   50 Exp: Exp . ASSIGNOP Exp
   51    | Exp . AND Exp
   52    | Exp . OR Exp
   53    | Exp . RELOP Exp
   54    | Exp . PLUS Exp
   55    | Exp . MINUS Exp
   56    | Exp . STAR Exp
   57    | Exp . DIV Exp
   59    | MINUS Exp .
   63    | Exp . LB Exp RB
   64    | Exp . DOT ID
   68    | Exp . error ASSIGNOP Exp

    error  偏移，并进入状态 101
    DOT    偏移，并进入状态 92
    LB     偏移，并进入状态 93

    RELOP     使用规则 59 以归约 (Exp)
    SEMI      使用规则 59 以归约 (Exp)
    COMMA     使用规则 59 以归约 (Exp)
    ASSIGNOP  使用规则 59 以归约 (Exp)
    PLUS      使用规则 59 以归约 (Exp)
    MINUS     使用规则 59 以归约 (Exp)
    STAR      使用规则 59 以归约 (Exp)
    DIV       使用规则 59 以归约 (Exp)
    AND       使用规则 59 以归约 (Exp)
    OR        使用规则 59 以归约 (Exp)
    RP        使用规则 59 以归约 (Exp)
    RB        使用规则 59 以归约 (Exp)


状态 71

   50 Exp: Exp . ASSIGNOP Exp
   51    | Exp . AND Exp
   52    | Exp . OR Exp
   53    | Exp . RELOP Exp
   54    | Exp . PLUS Exp
   55    | Exp . MINUS Exp
   56    | Exp . STAR Exp
   57    | Exp . DIV Exp
   60    | NOT Exp .
   63    | Exp . LB Exp RB
   64    | Exp . DOT ID
   68    | Exp . error ASSIGNOP Exp

    error  偏移，并进入状态 101
    DOT    偏移，并进入状态 92
    LB     偏移，并进入状态 93

    RELOP     使用规则 60 以归约 (Exp)
    SEMI      使用规则 60 以归约 (Exp)
    COMMA     使用规则 60 以归约 (Exp)
    ASSIGNOP  使用规则 60 以归约 (Exp)
    PLUS      使用规则 60 以归约 (Exp)
    MINUS     使用规则 60 以归约 (Exp)
    STAR      使用规则 60 以归约 (Exp)
    DIV       使用规则 60 以归约 (Exp)
    AND       使用规则 60 以归约 (Exp)
    OR        使用规则 60 以归约 (Exp)
    RP        使用规则 60 以归约 (Exp)
    RB        使用规则 60 以归约 (Exp)


状态 72

   50 Exp: Exp . ASSIGNOP Exp
   51    | Exp . AND Exp
   52    | Exp . OR Exp
   53    | Exp . RELOP Exp
   54    | Exp . PLUS Exp
   55    | Exp . MINUS Exp
   56    | Exp . STAR Exp
   57    | Exp . DIV Exp
   58    | LP Exp . RP
   63    | Exp . LB Exp RB
   64    | Exp . DOT ID
   68    | Exp . error ASSIGNOP Exp

    error     偏移，并进入状态 101
    RELOP     偏移，并进入状态 83
    ASSIGNOP  偏移，并进入状态 85
    PLUS      偏移，并进入状态 86
    MINUS     偏移，并进入状态 87
    STAR      偏移，并进入状态 88
    DIV       偏移，并进入状态 89
    AND       偏移，并进入状态 90
    OR        偏移，并进入状态 91
    DOT       偏移，并进入状态 92
    RP        偏移，并进入状态 102
    LB        偏移，并进入状态 93


状态 73

   33 Stmt: RETURN error . SEMI

    SEMI  偏移，并进入状态 103


状态 74

   32 Stmt: RETURN Exp . SEMI
   50 Exp: Exp . ASSIGNOP Exp
   51    | Exp . AND Exp
   52    | Exp . OR Exp
   53    | Exp . RELOP Exp
   54    | Exp . PLUS Exp
   55    | Exp . MINUS Exp
   56    | Exp . STAR Exp
   57    | Exp . DIV Exp
   63    | Exp . LB Exp RB
   64    | Exp . DOT ID
   68    | Exp . error ASSIGNOP Exp

    error     偏移，并进入状态 101
    RELOP     偏移，并进入状态 83
    SEMI      偏移，并进入状态 104
    ASSIGNOP  偏移，并进入状态 85
    PLUS      偏移，并进入状态 86
    MINUS     偏移，并进入状态 87
    STAR      偏移，并进入状态 88
    DIV       偏移，并进入状态 89
    AND       偏移，并进入状态 90
    OR        偏移，并进入状态 91
    DOT       偏移，并进入状态 92
    LB        偏移，并进入状态 93


状态 75

   36 Stmt: IF error . Stmt
   37     | IF error . Stmt ELSE Stmt

    INT     偏移，并进入状态 46
    FLOAT   偏移，并进入状态 47
    ID      偏移，并进入状态 48
    MINUS   偏移，并进入状态 49
    NOT     偏移，并进入状态 50
    LP      偏移，并进入状态 51
    LC      偏移，并进入状态 20
    RETURN  偏移，并进入状态 52
    IF      偏移，并进入状态 53
    WHILE   偏移，并进入状态 54

    CompSt  转到状态 55
    Stmt    转到状态 105
    Exp     转到状态 58


状态 76

   34 Stmt: IF LP . Exp RP Stmt
   35     | IF LP . Exp RP Stmt ELSE Stmt
   38     | IF LP . Exp RP error ELSE Stmt

    INT    偏移，并进入状态 46
    FLOAT  偏移，并进入状态 47
    ID     偏移，并进入状态 48
    MINUS  偏移，并进入状态 49
    NOT    偏移，并进入状态 50
    LP     偏移，并进入状态 51

    Exp  转到状态 106


状态 77

   40 Stmt: WHILE error . Stmt

    INT     偏移，并进入状态 46
    FLOAT   偏移，并进入状态 47
    ID      偏移，并进入状态 48
    MINUS   偏移，并进入状态 49
    NOT     偏移，并进入状态 50
    LP      偏移，并进入状态 51
    LC      偏移，并进入状态 20
    RETURN  偏移，并进入状态 52
    IF      偏移，并进入状态 53
    WHILE   偏移，并进入状态 54

    CompSt  转到状态 55
    Stmt    转到状态 107
    Exp     转到状态 58


状态 78

   39 Stmt: WHILE LP . Exp RP Stmt

    INT    偏移，并进入状态 46
    FLOAT  偏移，并进入状态 47
    ID     偏移，并进入状态 48
    MINUS  偏移，并进入状态 49
    NOT    偏移，并进入状态 50
    LP     偏移，并进入状态 51

    Exp  转到状态 108


状态 79

   25 CompSt: LC DefList StmtList RC .

    $default  使用规则 25 以归约 (CompSt)


状态 80

   29 StmtList: Stmt error . StmtList

    INT     偏移，并进入状态 46
    FLOAT   偏移，并进入状态 47
    ID      偏移，并进入状态 48
    MINUS   偏移，并进入状态 49
    NOT     偏移，并进入状态 50
    LP      偏移，并进入状态 51
    LC      偏移，并进入状态 20
    RETURN  偏移，并进入状态 52
    IF      偏移，并进入状态 53
    WHILE   偏移，并进入状态 54

    $default  使用规则 28 以归约 (StmtList)

    CompSt    转到状态 55
    StmtList  转到状态 109
    Stmt      转到状态 57
    Exp       转到状态 58


状态 81

   27 StmtList: Stmt StmtList .

    $default  使用规则 27 以归约 (StmtList)


状态 82

   41 Stmt: Exp error . SEMI
   68 Exp: Exp error . ASSIGNOP Exp

    SEMI      偏移，并进入状态 110
    ASSIGNOP  偏移，并进入状态 111


状态 83

   53 Exp: Exp RELOP . Exp

    INT    偏移，并进入状态 46
    FLOAT  偏移，并进入状态 47
    ID     偏移，并进入状态 48
    MINUS  偏移，并进入状态 49
    NOT    偏移，并进入状态 50
    LP     偏移，并进入状态 51

    Exp  转到状态 112


状态 84

   30 Stmt: Exp SEMI .

    $default  使用规则 30 以归约 (Stmt)


状态 85

   50 Exp: Exp ASSIGNOP . Exp

    INT    偏移，并进入状态 46
    FLOAT  偏移，并进入状态 47
    ID     偏移，并进入状态 48
    MINUS  偏移，并进入状态 49
    NOT    偏移，并进入状态 50
    LP     偏移，并进入状态 51

    Exp  转到状态 113


状态 86

   54 Exp: Exp PLUS . Exp

    INT    偏移，并进入状态 46
    FLOAT  偏移，并进入状态 47
    ID     偏移，并进入状态 48
    MINUS  偏移，并进入状态 49
    NOT    偏移，并进入状态 50
    LP     偏移，并进入状态 51

    Exp  转到状态 114


状态 87

   55 Exp: Exp MINUS . Exp

    INT    偏移，并进入状态 46
    FLOAT  偏移，并进入状态 47
    ID     偏移，并进入状态 48
    MINUS  偏移，并进入状态 49
    NOT    偏移，并进入状态 50
    LP     偏移，并进入状态 51

    Exp  转到状态 115


状态 88

   56 Exp: Exp STAR . Exp

    INT    偏移，并进入状态 46
    FLOAT  偏移，并进入状态 47
    ID     偏移，并进入状态 48
    MINUS  偏移，并进入状态 49
    NOT    偏移，并进入状态 50
    LP     偏移，并进入状态 51

    Exp  转到状态 116


状态 89

   57 Exp: Exp DIV . Exp

    INT    偏移，并进入状态 46
    FLOAT  偏移，并进入状态 47
    ID     偏移，并进入状态 48
    MINUS  偏移，并进入状态 49
    NOT    偏移，并进入状态 50
    LP     偏移，并进入状态 51

    Exp  转到状态 117


状态 90

   51 Exp: Exp AND . Exp

    INT    偏移，并进入状态 46
    FLOAT  偏移，并进入状态 47
    ID     偏移，并进入状态 48
    MINUS  偏移，并进入状态 49
    NOT    偏移，并进入状态 50
    LP     偏移，并进入状态 51

    Exp  转到状态 118


状态 91

   52 Exp: Exp OR . Exp

    INT    偏移，并进入状态 46
    FLOAT  偏移，并进入状态 47
    ID     偏移，并进入状态 48
    MINUS  偏移，并进入状态 49
    NOT    偏移，并进入状态 50
    LP     偏移，并进入状态 51

    Exp  转到状态 119


状态 92

   64 Exp: Exp DOT . ID

    ID  偏移，并进入状态 120


状态 93

   63 Exp: Exp LB . Exp RB

    INT    偏移，并进入状态 46
    FLOAT  偏移，并进入状态 47
    ID     偏移，并进入状态 48
    MINUS  偏移，并进入状态 49
    NOT    偏移，并进入状态 50
    LP     偏移，并进入状态 51

    Exp  转到状态 121


状态 94

   23 VarList: error COMMA VarList .

    $default  使用规则 23 以归约 (VarList)


状态 95

   21 VarList: ParamDec COMMA VarList .

    $default  使用规则 21 以归约 (VarList)


状态 96

   49 Dec: VarDec ASSIGNOP Exp .
   50 Exp: Exp . ASSIGNOP Exp
   51    | Exp . AND Exp
   52    | Exp . OR Exp
   53    | Exp . RELOP Exp
   54    | Exp . PLUS Exp
   55    | Exp . MINUS Exp
   56    | Exp . STAR Exp
   57    | Exp . DIV Exp
   63    | Exp . LB Exp RB
   64    | Exp . DOT ID
   68    | Exp . error ASSIGNOP Exp

    error     偏移，并进入状态 101
    RELOP     偏移，并进入状态 83
    ASSIGNOP  偏移，并进入状态 85
    PLUS      偏移，并进入状态 86
    MINUS     偏移，并进入状态 87
    STAR      偏移，并进入状态 88
    DIV       偏移，并进入状态 89
    AND       偏移，并进入状态 90
    OR        偏移，并进入状态 91
    DOT       偏移，并进入状态 92
    LB        偏移，并进入状态 93

    SEMI   使用规则 49 以归约 (Dec)
    COMMA  使用规则 49 以归约 (Dec)


状态 97

   47 DecList: Dec COMMA DecList .

    $default  使用规则 47 以归约 (DecList)


状态 98

   62 Exp: ID LP RP .

    $default  使用规则 62 以归约 (Exp)


状态 99

   50 Exp: Exp . ASSIGNOP Exp
   51    | Exp . AND Exp
   52    | Exp . OR Exp
   53    | Exp . RELOP Exp
   54    | Exp . PLUS Exp
   55    | Exp . MINUS Exp
   56    | Exp . STAR Exp
   57    | Exp . DIV Exp
   63    | Exp . LB Exp RB
   64    | Exp . DOT ID
   68    | Exp . error ASSIGNOP Exp
   69 Args: Exp . COMMA Args
   70     | Exp .

    error     偏移，并进入状态 101
    RELOP     偏移，并进入状态 83
    COMMA     偏移，并进入状态 122
    ASSIGNOP  偏移，并进入状态 85
    PLUS      偏移，并进入状态 86
    MINUS     偏移，并进入状态 87
    STAR      偏移，并进入状态 88
    DIV       偏移，并进入状态 89
    AND       偏移，并进入状态 90
    OR        偏移，并进入状态 91
    DOT       偏移，并进入状态 92
    LB        偏移，并进入状态 93

    RP  使用规则 70 以归约 (Args)


状态 100

   61 Exp: ID LP Args . RP

    RP  偏移，并进入状态 123


状态 101

   68 Exp: Exp error . ASSIGNOP Exp

    ASSIGNOP  偏移，并进入状态 111


状态 102

   58 Exp: LP Exp RP .

    $default  使用规则 58 以归约 (Exp)


状态 103

   33 Stmt: RETURN error SEMI .

    $default  使用规则 33 以归约 (Stmt)


状态 104

   32 Stmt: RETURN Exp SEMI .

    $default  使用规则 32 以归约 (Stmt)


状态 105

   36 Stmt: IF error Stmt .
   37     | IF error Stmt . ELSE Stmt

    ELSE  偏移，并进入状态 124

    $default  使用规则 36 以归约 (Stmt)


状态 106

   34 Stmt: IF LP Exp . RP Stmt
   35     | IF LP Exp . RP Stmt ELSE Stmt
   38     | IF LP Exp . RP error ELSE Stmt
   50 Exp: Exp . ASSIGNOP Exp
   51    | Exp . AND Exp
   52    | Exp . OR Exp
   53    | Exp . RELOP Exp
   54    | Exp . PLUS Exp
   55    | Exp . MINUS Exp
   56    | Exp . STAR Exp
   57    | Exp . DIV Exp
   63    | Exp . LB Exp RB
   64    | Exp . DOT ID
   68    | Exp . error ASSIGNOP Exp

    error     偏移，并进入状态 101
    RELOP     偏移，并进入状态 83
    ASSIGNOP  偏移，并进入状态 85
    PLUS      偏移，并进入状态 86
    MINUS     偏移，并进入状态 87
    STAR      偏移，并进入状态 88
    DIV       偏移，并进入状态 89
    AND       偏移，并进入状态 90
    OR        偏移，并进入状态 91
    DOT       偏移，并进入状态 92
    RP        偏移，并进入状态 125
    LB        偏移，并进入状态 93


状态 107

   40 Stmt: WHILE error Stmt .

    $default  使用规则 40 以归约 (Stmt)


状态 108

   39 Stmt: WHILE LP Exp . RP Stmt
   50 Exp: Exp . ASSIGNOP Exp
   51    | Exp . AND Exp
   52    | Exp . OR Exp
   53    | Exp . RELOP Exp
   54    | Exp . PLUS Exp
   55    | Exp . MINUS Exp
   56    | Exp . STAR Exp
   57    | Exp . DIV Exp
   63    | Exp . LB Exp RB
   64    | Exp . DOT ID
   68    | Exp . error ASSIGNOP Exp

    error     偏移，并进入状态 101
    RELOP     偏移，并进入状态 83
    ASSIGNOP  偏移，并进入状态 85
    PLUS      偏移，并进入状态 86
    MINUS     偏移，并进入状态 87
    STAR      偏移，并进入状态 88
    DIV       偏移，并进入状态 89
    AND       偏移，并进入状态 90
    OR        偏移，并进入状态 91
    DOT       偏移，并进入状态 92
    RP        偏移，并进入状态 126
    LB        偏移，并进入状态 93


状态 109

   29 StmtList: Stmt error StmtList .

    $default  使用规则 29 以归约 (StmtList)


状态 110

   41 Stmt: Exp error SEMI .

    $default  使用规则 41 以归约 (Stmt)


状态 111

   68 Exp: Exp error ASSIGNOP . Exp

    INT    偏移，并进入状态 46
    FLOAT  偏移，并进入状态 47
    ID     偏移，并进入状态 48
    MINUS  偏移，并进入状态 49
    NOT    偏移，并进入状态 50
    LP     偏移，并进入状态 51

    Exp  转到状态 127


状态 112

   50 Exp: Exp . ASSIGNOP Exp
   51    | Exp . AND Exp
   52    | Exp . OR Exp
   53    | Exp . RELOP Exp
   53    | Exp RELOP Exp .
   54    | Exp . PLUS Exp
   55    | Exp . MINUS Exp
   56    | Exp . STAR Exp
   57    | Exp . DIV Exp
   63    | Exp . LB Exp RB
   64    | Exp . DOT ID
   68    | Exp . error ASSIGNOP Exp

    error  偏移，并进入状态 101
    PLUS   偏移，并进入状态 86
    MINUS  偏移，并进入状态 87
    STAR   偏移，并进入状态 88
    DIV    偏移，并进入状态 89
    DOT    偏移，并进入状态 92
    LB     偏移，并进入状态 93

    RELOP     使用规则 53 以归约 (Exp)
    SEMI      使用规则 53 以归约 (Exp)
    COMMA     使用规则 53 以归约 (Exp)
    ASSIGNOP  使用规则 53 以归约 (Exp)
    AND       使用规则 53 以归约 (Exp)
    OR        使用规则 53 以归约 (Exp)
    RP        使用规则 53 以归约 (Exp)
    RB        使用规则 53 以归约 (Exp)


状态 113

   50 Exp: Exp . ASSIGNOP Exp
   50    | Exp ASSIGNOP Exp .
   51    | Exp . AND Exp
   52    | Exp . OR Exp
   53    | Exp . RELOP Exp
   54    | Exp . PLUS Exp
   55    | Exp . MINUS Exp
   56    | Exp . STAR Exp
   57    | Exp . DIV Exp
   63    | Exp . LB Exp RB
   64    | Exp . DOT ID
   68    | Exp . error ASSIGNOP Exp

    error     偏移，并进入状态 101
    RELOP     偏移，并进入状态 83
    ASSIGNOP  偏移，并进入状态 85
    PLUS      偏移，并进入状态 86
    MINUS     偏移，并进入状态 87
    STAR      偏移，并进入状态 88
    DIV       偏移，并进入状态 89
    AND       偏移，并进入状态 90
    OR        偏移，并进入状态 91
    DOT       偏移，并进入状态 92
    LB        偏移，并进入状态 93

    SEMI   使用规则 50 以归约 (Exp)
    COMMA  使用规则 50 以归约 (Exp)
    RP     使用规则 50 以归约 (Exp)
    RB     使用规则 50 以归约 (Exp)


状态 114

   50 Exp: Exp . ASSIGNOP Exp
   51    | Exp . AND Exp
   52    | Exp . OR Exp
   53    | Exp . RELOP Exp
   54    | Exp . PLUS Exp
   54    | Exp PLUS Exp .
   55    | Exp . MINUS Exp
   56    | Exp . STAR Exp
   57    | Exp . DIV Exp
   63    | Exp . LB Exp RB
   64    | Exp . DOT ID
   68    | Exp . error ASSIGNOP Exp

    error  偏移，并进入状态 101
    STAR   偏移，并进入状态 88
    DIV    偏移，并进入状态 89
    DOT    偏移，并进入状态 92
    LB     偏移，并进入状态 93

    RELOP     使用规则 54 以归约 (Exp)
    SEMI      使用规则 54 以归约 (Exp)
    COMMA     使用规则 54 以归约 (Exp)
    ASSIGNOP  使用规则 54 以归约 (Exp)
    PLUS      使用规则 54 以归约 (Exp)
    MINUS     使用规则 54 以归约 (Exp)
    AND       使用规则 54 以归约 (Exp)
    OR        使用规则 54 以归约 (Exp)
    RP        使用规则 54 以归约 (Exp)
    RB        使用规则 54 以归约 (Exp)


状态 115

   50 Exp: Exp . ASSIGNOP Exp
   51    | Exp . AND Exp
   52    | Exp . OR Exp
   53    | Exp . RELOP Exp
   54    | Exp . PLUS Exp
   55    | Exp . MINUS Exp
   55    | Exp MINUS Exp .
   56    | Exp . STAR Exp
   57    | Exp . DIV Exp
   63    | Exp . LB Exp RB
   64    | Exp . DOT ID
   68    | Exp . error ASSIGNOP Exp

    error  偏移，并进入状态 101
    STAR   偏移，并进入状态 88
    DIV    偏移，并进入状态 89
    DOT    偏移，并进入状态 92
    LB     偏移，并进入状态 93

    RELOP     使用规则 55 以归约 (Exp)
    SEMI      使用规则 55 以归约 (Exp)
    COMMA     使用规则 55 以归约 (Exp)
    ASSIGNOP  使用规则 55 以归约 (Exp)
    PLUS      使用规则 55 以归约 (Exp)
    MINUS     使用规则 55 以归约 (Exp)
    AND       使用规则 55 以归约 (Exp)
    OR        使用规则 55 以归约 (Exp)
    RP        使用规则 55 以归约 (Exp)
    RB        使用规则 55 以归约 (Exp)


状态 116

   50 Exp: Exp . ASSIGNOP Exp
   51    | Exp . AND Exp
   52    | Exp . OR Exp
   53    | Exp . RELOP Exp
   54    | Exp . PLUS Exp
   55    | Exp . MINUS Exp
   56    | Exp . STAR Exp
   56    | Exp STAR Exp .
   57    | Exp . DIV Exp
   63    | Exp . LB Exp RB
   64    | Exp . DOT ID
   68    | Exp . error ASSIGNOP Exp

    error  偏移，并进入状态 101
    DOT    偏移，并进入状态 92
    LB     偏移，并进入状态 93

    RELOP     使用规则 56 以归约 (Exp)
    SEMI      使用规则 56 以归约 (Exp)
    COMMA     使用规则 56 以归约 (Exp)
    ASSIGNOP  使用规则 56 以归约 (Exp)
    PLUS      使用规则 56 以归约 (Exp)
    MINUS     使用规则 56 以归约 (Exp)
    STAR      使用规则 56 以归约 (Exp)
    DIV       使用规则 56 以归约 (Exp)
    AND       使用规则 56 以归约 (Exp)
    OR        使用规则 56 以归约 (Exp)
    RP        使用规则 56 以归约 (Exp)
    RB        使用规则 56 以归约 (Exp)


状态 117

   50 Exp: Exp . ASSIGNOP Exp
   51    | Exp . AND Exp
   52    | Exp . OR Exp
   53    | Exp . RELOP Exp
   54    | Exp . PLUS Exp
   55    | Exp . MINUS Exp
   56    | Exp . STAR Exp
   57    | Exp . DIV Exp
   57    | Exp DIV Exp .
   63    | Exp . LB Exp RB
   64    | Exp . DOT ID
   68    | Exp . error ASSIGNOP Exp

    error  偏移，并进入状态 101
    DOT    偏移，并进入状态 92
    LB     偏移，并进入状态 93

    RELOP     使用规则 57 以归约 (Exp)
    SEMI      使用规则 57 以归约 (Exp)
    COMMA     使用规则 57 以归约 (Exp)
    ASSIGNOP  使用规则 57 以归约 (Exp)
    PLUS      使用规则 57 以归约 (Exp)
    MINUS     使用规则 57 以归约 (Exp)
    STAR      使用规则 57 以归约 (Exp)
    DIV       使用规则 57 以归约 (Exp)
    AND       使用规则 57 以归约 (Exp)
    OR        使用规则 57 以归约 (Exp)
    RP        使用规则 57 以归约 (Exp)
    RB        使用规则 57 以归约 (Exp)


状态 118

   50 Exp: Exp . ASSIGNOP Exp
   51    | Exp . AND Exp
   51    | Exp AND Exp .
   52    | Exp . OR Exp
   53    | Exp . RELOP Exp
   54    | Exp . PLUS Exp
   55    | Exp . MINUS Exp
   56    | Exp . STAR Exp
   57    | Exp . DIV Exp
   63    | Exp . LB Exp RB
   64    | Exp . DOT ID
   68    | Exp . error ASSIGNOP Exp

    error  偏移，并进入状态 101
    RELOP  偏移，并进入状态 83
    PLUS   偏移，并进入状态 86
    MINUS  偏移，并进入状态 87
    STAR   偏移，并进入状态 88
    DIV    偏移，并进入状态 89
    DOT    偏移，并进入状态 92
    LB     偏移，并进入状态 93

    SEMI      使用规则 51 以归约 (Exp)
    COMMA     使用规则 51 以归约 (Exp)
    ASSIGNOP  使用规则 51 以归约 (Exp)
    AND       使用规则 51 以归约 (Exp)
    OR        使用规则 51 以归约 (Exp)
    RP        使用规则 51 以归约 (Exp)
    RB        使用规则 51 以归约 (Exp)


状态 119

   50 Exp: Exp . ASSIGNOP Exp
   51    | Exp . AND Exp
   52    | Exp . OR Exp
   52    | Exp OR Exp .
   53    | Exp . RELOP Exp
   54    | Exp . PLUS Exp
   55    | Exp . MINUS Exp
   56    | Exp . STAR Exp
   57    | Exp . DIV Exp
   63    | Exp . LB Exp RB
   64    | Exp . DOT ID
   68    | Exp . error ASSIGNOP Exp

    error  偏移，并进入状态 101
    RELOP  偏移，并进入状态 83
    PLUS   偏移，并进入状态 86
    MINUS  偏移，并进入状态 87
    STAR   偏移，并进入状态 88
    DIV    偏移，并进入状态 89
    DOT    偏移，并进入状态 92
    LB     偏移，并进入状态 93

    SEMI      使用规则 52 以归约 (Exp)
    COMMA     使用规则 52 以归约 (Exp)
    ASSIGNOP  使用规则 52 以归约 (Exp)
    AND       使用规则 52 以归约 (Exp)
    OR        使用规则 52 以归约 (Exp)
    RP        使用规则 52 以归约 (Exp)
    RB        使用规则 52 以归约 (Exp)


状态 120

   64 Exp: Exp DOT ID .

    $default  使用规则 64 以归约 (Exp)


状态 121

   50 Exp: Exp . ASSIGNOP Exp
   51    | Exp . AND Exp
   52    | Exp . OR Exp
   53    | Exp . RELOP Exp
   54    | Exp . PLUS Exp
   55    | Exp . MINUS Exp
   56    | Exp . STAR Exp
   57    | Exp . DIV Exp
   63    | Exp . LB Exp RB
   63    | Exp LB Exp . RB
   64    | Exp . DOT ID
   68    | Exp . error ASSIGNOP Exp

    error     偏移，并进入状态 101
    RELOP     偏移，并进入状态 83
    ASSIGNOP  偏移，并进入状态 85
    PLUS      偏移，并进入状态 86
    MINUS     偏移，并进入状态 87
    STAR      偏移，并进入状态 88
    DIV       偏移，并进入状态 89
    AND       偏移，并进入状态 90
    OR        偏移，并进入状态 91
    DOT       偏移，并进入状态 92
    LB        偏移，并进入状态 93
    RB        偏移，并进入状态 128


状态 122

   69 Args: Exp COMMA . Args

    INT    偏移，并进入状态 46
    FLOAT  偏移，并进入状态 47
    ID     偏移，并进入状态 48
    MINUS  偏移，并进入状态 49
    NOT    偏移，并进入状态 50
    LP     偏移，并进入状态 51

    Exp   转到状态 99
    Args  转到状态 129


状态 123

   61 Exp: ID LP Args RP .

    $default  使用规则 61 以归约 (Exp)


状态 124

   37 Stmt: IF error Stmt ELSE . Stmt

    INT     偏移，并进入状态 46
    FLOAT   偏移，并进入状态 47
    ID      偏移，并进入状态 48
    MINUS   偏移，并进入状态 49
    NOT     偏移，并进入状态 50
    LP      偏移，并进入状态 51
    LC      偏移，并进入状态 20
    RETURN  偏移，并进入状态 52
    IF      偏移，并进入状态 53
    WHILE   偏移，并进入状态 54

    CompSt  转到状态 55
    Stmt    转到状态 130
    Exp     转到状态 58


状态 125

   34 Stmt: IF LP Exp RP . Stmt
   35     | IF LP Exp RP . Stmt ELSE Stmt
   38     | IF LP Exp RP . error ELSE Stmt

    error   偏移，并进入状态 131
    INT     偏移，并进入状态 46
    FLOAT   偏移，并进入状态 47
    ID      偏移，并进入状态 48
    MINUS   偏移，并进入状态 49
    NOT     偏移，并进入状态 50
    LP      偏移，并进入状态 51
    LC      偏移，并进入状态 20
    RETURN  偏移，并进入状态 52
    IF      偏移，并进入状态 53
    WHILE   偏移，并进入状态 54

    CompSt  转到状态 55
    Stmt    转到状态 132
    Exp     转到状态 58


状态 126

   39 Stmt: WHILE LP Exp RP . Stmt

    INT     偏移，并进入状态 46
    FLOAT   偏移，并进入状态 47
    ID      偏移，并进入状态 48
    MINUS   偏移，并进入状态 49
    NOT     偏移，并进入状态 50
    LP      偏移，并进入状态 51
    LC      偏移，并进入状态 20
    RETURN  偏移，并进入状态 52
    IF      偏移，并进入状态 53
    WHILE   偏移，并进入状态 54

    CompSt  转到状态 55
    Stmt    转到状态 133
    Exp     转到状态 58


状态 127

   50 Exp: Exp . ASSIGNOP Exp
   51    | Exp . AND Exp
   52    | Exp . OR Exp
   53    | Exp . RELOP Exp
   54    | Exp . PLUS Exp
   55    | Exp . MINUS Exp
   56    | Exp . STAR Exp
   57    | Exp . DIV Exp
   63    | Exp . LB Exp RB
   64    | Exp . DOT ID
   68    | Exp . error ASSIGNOP Exp
   68    | Exp error ASSIGNOP Exp .

    error     偏移，并进入状态 101
    RELOP     偏移，并进入状态 83
    ASSIGNOP  偏移，并进入状态 85
    PLUS      偏移，并进入状态 86
    MINUS     偏移，并进入状态 87
    STAR      偏移，并进入状态 88
    DIV       偏移，并进入状态 89
    AND       偏移，并进入状态 90
    OR        偏移，并进入状态 91
    DOT       偏移，并进入状态 92
    LB        偏移，并进入状态 93

    SEMI   使用规则 68 以归约 (Exp)
    COMMA  使用规则 68 以归约 (Exp)
    RP     使用规则 68 以归约 (Exp)
    RB     使用规则 68 以归约 (Exp)


状态 128

   63 Exp: Exp LB Exp RB .

    $default  使用规则 63 以归约 (Exp)


状态 129

   69 Args: Exp COMMA Args .

    $default  使用规则 69 以归约 (Args)


状态 130

   37 Stmt: IF error Stmt ELSE Stmt .

    $default  使用规则 37 以归约 (Stmt)


状态 131

   38 Stmt: IF LP Exp RP error . ELSE Stmt

    ELSE  偏移，并进入状态 134


状态 132

   34 Stmt: IF LP Exp RP Stmt .
   35     | IF LP Exp RP Stmt . ELSE Stmt

    ELSE  偏移，并进入状态 135

    $default  使用规则 34 以归约 (Stmt)


状态 133

   39 Stmt: WHILE LP Exp RP Stmt .

    $default  使用规则 39 以归约 (Stmt)


状态 134

   38 Stmt: IF LP Exp RP error ELSE . Stmt

    INT     偏移，并进入状态 46
    FLOAT   偏移，并进入状态 47
    ID      偏移，并进入状态 48
    MINUS   偏移，并进入状态 49
    NOT     偏移，并进入状态 50
    LP      偏移，并进入状态 51
    LC      偏移，并进入状态 20
    RETURN  偏移，并进入状态 52
    IF      偏移，并进入状态 53
    WHILE   偏移，并进入状态 54

    CompSt  转到状态 55
    Stmt    转到状态 136
    Exp     转到状态 58


状态 135

   35 Stmt: IF LP Exp RP Stmt ELSE . Stmt

    INT     偏移，并进入状态 46
    FLOAT   偏移，并进入状态 47
    ID      偏移，并进入状态 48
    MINUS   偏移，并进入状态 49
    NOT     偏移，并进入状态 50
    LP      偏移，并进入状态 51
    LC      偏移，并进入状态 20
    RETURN  偏移，并进入状态 52
    IF      偏移，并进入状态 53
    WHILE   偏移，并进入状态 54

    CompSt  转到状态 55
    Stmt    转到状态 137
    Exp     转到状态 58


状态 136

   38 Stmt: IF LP Exp RP error ELSE Stmt .

    $default  使用规则 38 以归约 (Stmt)


状态 137

   35 Stmt: IF LP Exp RP Stmt ELSE Stmt .

    $default  使用规则 35 以归约 (Stmt)
